{"uuid":"af16212c-b9d2-4e5e-a50b-a28b80a0def1","historyId":"d3f23f48f3f3c79dd324644d51b5c99","fullName":"enuygun: Login","labels":[{"name":"tag","value":"1"},{"name":"host","value":"DESKTOP-6RPJNGE"},{"name":"thread","value":"21044@DESKTOP-6RPJNGE.main(1)"},{"name":"feature","value":"enuygun"},{"name":"story","value":"Login"},{"name":"suite","value":"enuygun"},{"name":"testClass","value":"Login"},{"name":"framework","value":"cucumber4jvm"},{"name":"language","value":"java"},{"name":"gherkin_uri","value":"file:src/test/features/enuygun.feature"},{"name":"package","value":"src.test.features.enuygun_feature.enuygun"}],"links":[],"name":"Login","status":"failed","statusDetails":{"known":false,"muted":false,"flaky":false,"message":"Could not clicked the element:loginBtn","trace":"java.lang.AssertionError: Could not clicked the element:loginBtn\r\n\tat org.testng.Assert.fail(Assert.java:97)\r\n\tat com.project.stepdefs.StepDefs.clickElement(StepDefs.java:75)\r\n\tat ✽.I click element: loginBtn at index 1(file:src/test/features/enuygun.feature:10)\r\n"},"stage":"finished","steps":[{"name":"Given  Open the https://www.enuygun.com URL","status":"passed","statusDetails":{"known":false,"muted":false,"flaky":false},"stage":"finished","steps":[],"attachments":[],"parameters":[],"start":1644164698141,"stop":1644164698157},{"name":"Then  I see login page","status":"passed","statusDetails":{"known":false,"muted":false,"flaky":false},"stage":"finished","steps":[],"attachments":[],"parameters":[],"start":1644164698158,"stop":1644164698163},{"name":"When  I click element: loginBtn at index 1","status":"passed","statusDetails":{"known":false,"muted":false,"flaky":false},"stage":"finished","steps":[],"attachments":[{"name":"Element is clicked.","source":"b84fdc38-4359-4dac-bfd6-3373bf7fe5ff-attachment"}],"parameters":[],"start":1644164698163,"stop":1644164699703},{"name":"Then  I click element: loginBtn at index 1","status":"failed","statusDetails":{"known":false,"muted":false,"flaky":false,"message":"Could not clicked the element:loginBtn","trace":"java.lang.AssertionError: Could not clicked the element:loginBtn\r\n\tat org.testng.Assert.fail(Assert.java:97)\r\n\tat com.project.stepdefs.StepDefs.clickElement(StepDefs.java:75)\r\n\tat ✽.I click element: loginBtn at index 1(file:src/test/features/enuygun.feature:10)\r\n"},"stage":"finished","steps":[],"attachments":[{"name":"Element is not clicked.","source":"eb40ab25-ee06-4c1e-aa06-ec27e8426ac7-attachment"}],"parameters":[],"start":1644164699703,"stop":1644164701564}],"attachments":[],"parameters":[],"start":1644164698121,"stop":1644164701565}